[SISTEMA_CARTERA] [INFO] [MODELO_DEUDA] [INICIO] archivo: C:\wamp64\www\modelo-deuda-python\cartera_v3.0.0\front_php\uploads\CARTERA_20251222_105311_694a97e9958474.07320995.xlsx + C:\wamp64\www\modelo-deuda-python\cartera_v3.0.0\front_php\uploads\ANTICIPOS_20251222_165243_694a97e9abd8c9.91802584.xlsx | timestamp: 08:23:56 [config_logging.py:71]
[SISTEMA_CARTERA] [INFO] [MODELO_DEUDA] [FINALIZADO] archivo_salida: 1_Modelo_Deuda.xlsx | timestamp: 08:24:24 [config_logging.py:71]
[SISTEMA_CARTERA] [INFO] [MODELO_DEUDA] [INICIO] archivo: c:/wamp64/www/modelo-deuda-python/cartera_v3.0.0/data/noviembre/PROVCA 4.CSV + c:/wamp64/www/modelo-deuda-python/cartera_v3.0.0/data/noviembre/ANTICI 3.CSV | timestamp: 09:57:17 [config_logging.py:71]
[SISTEMA_CARTERA] [ERROR] [MODELO_DEUDA] [ERROR] File is not a zip file [config_logging.py:104]
[SISTEMA_CARTERA] [INFO] [MODELO_DEUDA] [INICIO] archivo: c:/wamp64/www/modelo-deuda-python/cartera_v3.0.0/data/noviembre/PROVCA 4.CSV + c:/wamp64/www/modelo-deuda-python/cartera_v3.0.0/data/noviembre/ANTICI 3.CSV | timestamp: 09:58:39 [config_logging.py:71]
[SISTEMA_CARTERA] [ERROR] [MODELO_DEUDA] [ERROR] File is not a zip file [config_logging.py:104]
[SISTEMA_CARTERA] [INFO] [MODELO_DEUDA] [INICIO] archivo: c:/wamp64/www/modelo-deuda-python/cartera_v3.0.0/data/noviembre/PROVCA 4.CSV + c:/wamp64/www/modelo-deuda-python/cartera_v3.0.0/data/noviembre/ANTICI 3.CSV | timestamp: 10:00:28 [config_logging.py:71]
[SISTEMA_CARTERA] [ERROR] [MODELO_DEUDA] [ERROR] 'utf-8' codec can't decode byte 0xcd in position 901: invalid continuation byte [config_logging.py:104]
[SISTEMA_CARTERA] [INFO] [MODELO_DEUDA] [INICIO] archivo: c:/wamp64/www/modelo-deuda-python/cartera_v3.0.0/data/noviembre/PROVCA 4.CSV + c:/wamp64/www/modelo-deuda-python/cartera_v3.0.0/data/noviembre/ANTICI 3.CSV | timestamp: 10:02:19 [config_logging.py:71]
[SISTEMA_CARTERA] [ERROR] [MODELO_DEUDA] [ERROR] 'LINEA DE NEGOCIO' [config_logging.py:104]
[SISTEMA_CARTERA] [INFO] [MODELO_DEUDA] [INICIO] archivo: c:/wamp64/www/modelo-deuda-python/cartera_v3.0.0/data/noviembre/PROVCA 4.CSV + c:/wamp64/www/modelo-deuda-python/cartera_v3.0.0/data/noviembre/ANTICI 3.CSV | timestamp: 10:04:19 [config_logging.py:71]
[SISTEMA_CARTERA] [INFO] [MODELO_DEUDA] [FINALIZADO] archivo_salida: MODELO_DEUDA_20251223_100419.xlsx | timestamp: 10:04:24 [config_logging.py:71]
[SISTEMA_CARTERA] [INFO] [CARTERA] [INICIO] archivo: c:/wamp64/www/modelo-deuda-python/cartera_v3.0.0/data/noviembre/PROVCA 4.CSV | timestamp: 10:43:46 [config_logging.py:71]
[SISTEMA_CARTERA] [INFO] [CARTERA] Archivo leído con latin1: 3640 filas [procesador_cartera.py:141]
[SISTEMA_CARTERA] [INFO] [CARTERA] Columnas renombradas [procesador_cartera.py:155]
[SISTEMA_CARTERA] [INFO] [CARTERA] [FINALIZADO] archivo_salida: c:\wamp64\www\modelo-deuda-python\cartera_v3.0.0\Python_principales\salidas\CARTERA_20251223_104348.xlsx | timestamp: 10:43:57 | registros: desconocido [config_logging.py:71]
[SISTEMA_CARTERA] [INFO] [ANTICIPOS] [INICIO] archivo: c:/wamp64/www/modelo-deuda-python/cartera_v3.0.0/data/noviembre/ANTICI 3.CSV | timestamp: 10:44:49 [config_logging.py:71]
[SISTEMA_CARTERA] [INFO] [ANTICIPOS] Archivo CSV leído: 1086 filas [procesador_anticipos.py:134]
[SISTEMA_CARTERA] [INFO] [ANTICIPOS] [FINALIZADO] archivo_salida: c:\wamp64\www\modelo-deuda-python\cartera_v3.0.0\Python_principales\salidas\ANTICIPOS_20251223_104450.xlsx | timestamp: 10:44:54 | registros: desconocido [config_logging.py:71]
[SISTEMA_CARTERA] [INFO] [MODELO_DEUDA] [INICIO] archivo: c:/wamp64/www/modelo-deuda-python/cartera_v3.0.0/Python_principales/salidas/CARTERA_20251223_104348.xlsx + c:/wamp64/www/modelo-deuda-python/cartera_v3.0.0/Python_principales/salidas/ANTICIPOS_20251223_104450.xlsx | timestamp: 10:46:07 [config_logging.py:71]
[SISTEMA_CARTERA] [INFO] [MODELO_DEUDA] [FINALIZADO] archivo_salida: MODELO_DEUDA_20251223_104607.xlsx | timestamp: 10:46:45 [config_logging.py:71]
[SISTEMA_CARTERA] [INFO] [MODELO_DEUDA] [INICIO] archivo: c:/wamp64/www/modelo-deuda-python/cartera_v3.0.0/Python_principales/salidas/CARTERA_20251223_104348.xlsx + c:/wamp64/www/modelo-deuda-python/cartera_v3.0.0/Python_principales/salidas/ANTICIPOS_20251223_104450.xlsx | timestamp: 10:48:17 [config_logging.py:71]
[SISTEMA_CARTERA] [INFO] [MODELO_DEUDA] [INICIO] archivo: c:/wamp64/www/modelo-deuda-python/cartera_v3.0.0/Python_principales/salidas/CARTERA_20251223_104348.xlsx + c:/wamp64/www/modelo-deuda-python/cartera_v3.0.0/Python_principales/salidas/ANTICIPOS_20251223_104450.xlsx | timestamp: 10:49:18 [config_logging.py:71]
[SISTEMA_CARTERA] [INFO] [MODELO_DEUDA] [INICIO] archivo: c:/wamp64/www/modelo-deuda-python/cartera_v3.0.0/Python_principales/salidas/CARTERA_20251223_104348.xlsx + c:/wamp64/www/modelo-deuda-python/cartera_v3.0.0/Python_principales/salidas/ANTICIPOS_20251223_104450.xlsx | timestamp: 10:54:22 [config_logging.py:71]
[SISTEMA_CARTERA] [INFO] [MODELO_DEUDA] [INICIO] archivo: c:/wamp64/www/modelo-deuda-python/cartera_v3.0.0/Python_principales/salidas/CARTERA_20251223_104348.xlsx + c:/wamp64/www/modelo-deuda-python/cartera_v3.0.0/Python_principales/salidas/ANTICIPOS_20251223_104450.xlsx | timestamp: 11:00:54 [config_logging.py:71]
[SISTEMA_CARTERA] [INFO] [MODELO_DEUDA] [FINALIZADO] archivo_salida: MODELO_DEUDA_20251223_110054.xlsx | timestamp: 11:01:51 [config_logging.py:71]
[SISTEMA_CARTERA] [INFO] [MODELO_DEUDA] [INICIO] archivo: c:/wamp64/www/modelo-deuda-python/cartera_v3.0.0/Python_principales/salidas/CARTERA_20251223_104348.xlsx + c:/wamp64/www/modelo-deuda-python/cartera_v3.0.0/Python_principales/salidas/ANTICIPOS_20251223_104450.xlsx | timestamp: 12:01:54 [config_logging.py:71]
[SISTEMA_CARTERA] [INFO] [MODELO_DEUDA] [INICIO] archivo: c:/wamp64/www/modelo-deuda-python/cartera_v3.0.0/Python_principales/salidas/CARTERA_20251223_104348.xlsx + c:/wamp64/www/modelo-deuda-python/cartera_v3.0.0/Python_principales/salidas/ANTICIPOS_20251223_104450.xlsx | timestamp: 12:02:36 [config_logging.py:71]
[SISTEMA_CARTERA] [INFO] [MODELO_DEUDA] [INICIO] archivo: c:/wamp64/www/modelo-deuda-python/cartera_v3.0.0/Python_principales/salidas/CARTERA_20251223_104348.xlsx + c:/wamp64/www/modelo-deuda-python/cartera_v3.0.0/Python_principales/salidas/ANTICIPOS_20251223_104450.xlsx | timestamp: 12:04:03 [config_logging.py:71]
[SISTEMA_CARTERA] [INFO] [MODELO_DEUDA] [INICIO] archivo: c:/wamp64/www/modelo-deuda-python/cartera_v3.0.0/Python_principales/salidas/CARTERA_20251223_104348.xlsx + c:/wamp64/www/modelo-deuda-python/cartera_v3.0.0/Python_principales/salidas/ANTICIPOS_20251223_104450.xlsx | timestamp: 12:04:59 [config_logging.py:71]
[SISTEMA_CARTERA] [INFO] [MODELO_DEUDA] [INICIO] archivo: c:/wamp64/www/modelo-deuda-python/cartera_v3.0.0/Python_principales/salidas/CARTERA_20251223_104348.xlsx + c:/wamp64/www/modelo-deuda-python/cartera_v3.0.0/Python_principales/salidas/ANTICIPOS_20251223_104450.xlsx | timestamp: 12:07:55 [config_logging.py:71]
[SISTEMA_CARTERA] [INFO] [MODELO_DEUDA] [INICIO] archivo: c:/wamp64/www/modelo-deuda-python/cartera_v3.0.0/Python_principales/salidas/CARTERA_20251223_104348.xlsx + c:/wamp64/www/modelo-deuda-python/cartera_v3.0.0/Python_principales/salidas/ANTICIPOS_20251223_104450.xlsx | timestamp: 12:33:44 [config_logging.py:71]
[SISTEMA_CARTERA] [INFO] [MODELO_DEUDA] [INICIO] archivo: c:/wamp64/www/modelo-deuda-python/cartera_v3.0.0/Python_principales/salidas/CARTERA_20251223_104348.xlsx + c:/wamp64/www/modelo-deuda-python/cartera_v3.0.0/Python_principales/salidas/ANTICIPOS_20251223_104450.xlsx | timestamp: 12:34:45 [config_logging.py:71]
[SISTEMA_CARTERA] [INFO] [MODELO_DEUDA] [INICIO] archivo: salidas/CARTERA_20251223_104348.xlsx + salidas/ANTICIPOS_20251223_104450.xlsx | timestamp: 12:59:28 [config_logging.py:71]
[SISTEMA_CARTERA] [ERROR] [MODELO_DEUDA] [ERROR] cannot insert DENOMINACION COMERCIAL, already exists [config_logging.py:104]
[SISTEMA_CARTERA] [INFO] [MODELO_DEUDA] [INICIO] archivo: salidas/CARTERA_20251223_104348.xlsx + salidas/ANTICIPOS_20251223_104450.xlsx | timestamp: 13:00:37 [config_logging.py:71]
[SISTEMA_CARTERA] [ERROR] [MODELO_DEUDA] [ERROR] cannot insert DENOMINACION COMERCIAL, already exists [config_logging.py:104]
[SISTEMA_CARTERA] [INFO] [MODELO_DEUDA] [INICIO] archivo: salidas/CARTERA_20251223_104348.xlsx + salidas/ANTICIPOS_20251223_104450.xlsx | timestamp: 13:03:52 [config_logging.py:71]
[SISTEMA_CARTERA] [ERROR] [MODELO_DEUDA] [ERROR] Cannot save file into a non-existent directory: 'c:\wamp64\www\modelo-deuda-python\cartera_v3.0.0\Python_principales\salidas\salidas' [config_logging.py:104]
[SISTEMA_CARTERA] [INFO] [MODELO_DEUDA] [INICIO] archivo: salidas/CARTERA_20251223_104348.xlsx + salidas/ANTICIPOS_20251223_104450.xlsx | timestamp: 13:05:15 [config_logging.py:71]
[SISTEMA_CARTERA] [ERROR] [MODELO_DEUDA] [ERROR] Cannot save file into a non-existent directory: 'c:\wamp64\www\modelo-deuda-python\cartera_v3.0.0\Python_principales\salidas\salidas' [config_logging.py:104]
[SISTEMA_CARTERA] [INFO] [MODELO_DEUDA] [INICIO] archivo: salidas/CARTERA_20251223_104348.xlsx + salidas/ANTICIPOS_20251223_104450.xlsx | timestamp: 13:06:51 [config_logging.py:71]
[SISTEMA_CARTERA] [ERROR] [MODELO_DEUDA] [ERROR] Cannot save file into a non-existent directory: 'c:\wamp64\www\modelo-deuda-python\cartera_v3.0.0\Python_principales\salidas\salidas' [config_logging.py:104]
[SISTEMA_CARTERA] [INFO] [MODELO_DEUDA] [INICIO] archivo: salidas/CARTERA_20251223_104348.xlsx + salidas/ANTICIPOS_20251223_104450.xlsx | timestamp: 13:08:23 [config_logging.py:71]
[SISTEMA_CARTERA] [ERROR] [MODELO_DEUDA] [ERROR] Cannot save file into a non-existent directory: 'c:\wamp64\www\modelo-deuda-python\cartera_v3.0.0\Python_principales\salidas\salidas' [config_logging.py:104]
[SISTEMA_CARTERA] [INFO] [MODELO_DEUDA] [INICIO] archivo: salidas/CARTERA_20251223_104348.xlsx + salidas/ANTICIPOS_20251223_104450.xlsx | timestamp: 13:11:16 [config_logging.py:71]
[SISTEMA_CARTERA] [INFO] [MODELO_DEUDA] [FINALIZADO] archivo_salida: MODELO_DEUDA_PRUEBA.xlsx | timestamp: 13:11:50 [config_logging.py:71]
[SISTEMA_CARTERA] [INFO] [MODELO_DEUDA] [INICIO] archivo: salidas/CARTERA_20251223_104348.xlsx + salidas/ANTICIPOS_20251223_104450.xlsx | timestamp: 13:22:46 [config_logging.py:71]
[SISTEMA_CARTERA] [ERROR] [MODELO_DEUDA] [ERROR] Cannot save file into a non-existent directory: 'c:\wamp64\www\modelo-deuda-python\cartera_v3.0.0\Python_principales\salidas\salidas' [config_logging.py:104]
[SISTEMA_CARTERA] [INFO] [MODELO_DEUDA] [INICIO] archivo: salidas/CARTERA_20251223_104348.xlsx + salidas/ANTICIPOS_20251223_104450.xlsx | timestamp: 13:25:46 [config_logging.py:71]
[SISTEMA_CARTERA] [ERROR] [MODELO_DEUDA] [ERROR] Cannot save file into a non-existent directory: 'c:\wamp64\www\modelo-deuda-python\cartera_v3.0.0\Python_principales\salidas\salidas' [config_logging.py:104]
[SISTEMA_CARTERA] [INFO] [MODELO_DEUDA] [INICIO] archivo: salidas/CARTERA_20251223_104348.xlsx + salidas/ANTICIPOS_20251223_104450.xlsx | timestamp: 13:26:48 [config_logging.py:71]
[SISTEMA_CARTERA] [INFO] [MODELO_DEUDA] [FINALIZADO] archivo_salida: MODELO_DEUDA_CORREGIDO.xlsx | timestamp: 13:27:30 [config_logging.py:71]
[SISTEMA_CARTERA] [INFO] [MODELO_DEUDA] [INICIO] archivo: Python_principales/salidas/CARTERA_20251223_104348.xlsx + Python_principales/salidas/ANTICIPOS_20251223_104450.xlsx | timestamp: 13:58:11 [config_logging.py:71]
[SISTEMA_CARTERA] [INFO] [MODELO_DEUDA] [INICIO] archivo: Python_principales/salidas/CARTERA_20251223_104348.xlsx + Python_principales/salidas/ANTICIPOS_20251223_104450.xlsx | timestamp: 13:59:43 [config_logging.py:71]
[SISTEMA_CARTERA] [INFO] [MODELO_DEUDA] [INICIO] archivo: Python_principales/salidas/CARTERA_20251223_104348.xlsx + Python_principales/salidas/ANTICIPOS_20251223_104450.xlsx | timestamp: 14:19:50 [config_logging.py:71]
[SISTEMA_CARTERA] [INFO] [MODELO_DEUDA] [INICIO] archivo: Python_principales/salidas/CARTERA_20251223_104348.xlsx + Python_principales/salidas/ANTICIPOS_20251223_104450.xlsx | timestamp: 14:25:11 [config_logging.py:71]
[SISTEMA_CARTERA] [INFO] [CARTERA] [INICIO] archivo: C:\wamp64\www\modelo-deuda-python\cartera_v3.0.0\front_php\uploads\PROVCA_4_694b03c953e5e6.47646414.csv | timestamp: 16:04:15 [config_logging.py:71]
[SISTEMA_CARTERA] [INFO] [CARTERA] Archivo leído con latin1: 3640 filas [procesador_cartera.py:140]
[SISTEMA_CARTERA] [INFO] [CARTERA] Columnas renombradas [procesador_cartera.py:154]
[SISTEMA_CARTERA] [INFO] [CARTERA] [FINALIZADO] archivo_salida: 2025-11-30 | timestamp: 16:04:21 | registros: desconocido [config_logging.py:71]
[SISTEMA_CARTERA] [INFO] [ANTICIPOS] [INICIO] archivo: C:\wamp64\www\modelo-deuda-python\cartera_v3.0.0\front_php\uploads\ANTICI_3_694b03dfd6f582.78637332.csv | timestamp: 16:04:35 [config_logging.py:71]
[SISTEMA_CARTERA] [INFO] [ANTICIPOS] Archivo CSV leído: 1086 filas [procesador_anticipos.py:134]
[SISTEMA_CARTERA] [INFO] [ANTICIPOS] [FINALIZADO] archivo_salida: C:\wamp64\www\modelo-deuda-python\cartera_v3.0.0\Python_principales\salidas\ANTICIPOS_20251223_160435.xlsx | timestamp: 16:04:36 | registros: desconocido [config_logging.py:71]
[SISTEMA_CARTERA] [INFO] [MODELO_DEUDA] [INICIO] archivo: C:\wamp64\www\modelo-deuda-python\cartera_v3.0.0\front_php\uploads\CARTERA_20251223_104348__2__694b03ef94f1f2.34790016.xlsx + C:\wamp64\www\modelo-deuda-python\cartera_v3.0.0\front_php\uploads\ANTICIPOS_20251223_160435_694b03efb3bb79.23377233.xlsx | timestamp: 16:04:49 [config_logging.py:71]
[SISTEMA_CARTERA] [INFO] [MODELO_DEUDA] [FINALIZADO] archivo_salida: MODELO_DEUDA_20251223_160449.xlsx | timestamp: 16:05:13 [config_logging.py:71]
[SISTEMA_CARTERA] [INFO] [CARTERA] [INICIO] archivo: c:\wamp64\www\modelo-deuda-python\cartera_v3.0.0\data\noviembre\PROVCA 4.CSV | timestamp: 08:28:33 [config_logging.py:71]
[SISTEMA_CARTERA] [INFO] [CARTERA] Archivo leído con latin1: 3640 filas [procesador_cartera.py:140]
[SISTEMA_CARTERA] [INFO] [CARTERA] Columnas renombradas [procesador_cartera.py:154]
[SISTEMA_CARTERA] [INFO] [CARTERA] [FINALIZADO] archivo_salida: c:\wamp64\www\modelo-deuda-python\cartera_v3.0.0\Python_principales\salidas\CARTERA_NOVIEMBRE.xlsx | timestamp: 08:28:41 | registros: desconocido [config_logging.py:71]
[SISTEMA_CARTERA] [INFO] [ANTICIPOS] [INICIO] archivo: c:\wamp64\www\modelo-deuda-python\cartera_v3.0.0\data\noviembre\ANTICI 3.CSV | timestamp: 08:29:15 [config_logging.py:71]
[SISTEMA_CARTERA] [INFO] [ANTICIPOS] Archivo CSV leído: 1086 filas [procesador_anticipos.py:134]
[SISTEMA_CARTERA] [INFO] [ANTICIPOS] [FINALIZADO] archivo_salida: c:\wamp64\www\modelo-deuda-python\cartera_v3.0.0\Python_principales\salidas\ANTICIPOS_NOVIEMBRE.xlsx | timestamp: 08:29:17 | registros: desconocido [config_logging.py:71]
[SISTEMA_CARTERA] [INFO] [MODELO_DEUDA] [INICIO] archivo: c:\wamp64\www\modelo-deuda-python\cartera_v3.0.0\Python_principales\salidas\CARTERA_NOVIEMBRE.xlsx + c:\wamp64\www\modelo-deuda-python\cartera_v3.0.0\Python_principales\salidas\ANTICIPOS_NOVIEMBRE.xlsx | timestamp: 08:29:55 [config_logging.py:71]
[SISTEMA_CARTERA] [INFO] [MODELO_DEUDA] [FINALIZADO] archivo_salida: MODELO_DEUDA_NOVIEMBRE.xlsx | timestamp: 08:30:34 [config_logging.py:71]
[SISTEMA_CARTERA] [INFO] [MODELO_DEUDA] [INICIO] archivo: c:\wamp64\www\modelo-deuda-python\cartera_v3.0.0\Python_principales\salidas\CARTERA_NOVIEMBRE.xlsx + c:\wamp64\www\modelo-deuda-python\cartera_v3.0.0\Python_principales\salidas\ANTICIPOS_NOVIEMBRE.xlsx | timestamp: 08:32:44 [config_logging.py:71]
[SISTEMA_CARTERA] [INFO] [CARTERA] [INICIO] archivo: C:\wamp64\www\cartera_v3.0.0\front_php\uploads\PROVCA_4_6954138bc33353.62429031.csv | timestamp: 13:01:48 [config_logging.py:71]
[SISTEMA_CARTERA] [INFO] [CARTERA] Archivo leído con latin1: 3640 filas [procesador_cartera.py:140]
[SISTEMA_CARTERA] [INFO] [CARTERA] Columnas renombradas [procesador_cartera.py:154]
[SISTEMA_CARTERA] [INFO] [CARTERA] [FINALIZADO] archivo_salida: 2025-11-30 | timestamp: 13:01:49 | registros: desconocido [config_logging.py:71]
[SISTEMA_CARTERA] [INFO] [ANTICIPOS] [INICIO] archivo: C:\wamp64\www\cartera_v3.0.0\front_php\uploads\ANTICI_3_6954139d4a48f3.81973716.csv | timestamp: 13:02:05 [config_logging.py:71]
[SISTEMA_CARTERA] [INFO] [ANTICIPOS] Archivo CSV leído: 1086 filas [procesador_anticipos.py:134]
[SISTEMA_CARTERA] [INFO] [ANTICIPOS] [FINALIZADO] archivo_salida: C:\wamp64\www\cartera_v3.0.0\Python_principales\salidas\ANTICIPOS_20251230_130205.xlsx | timestamp: 13:02:06 | registros: desconocido [config_logging.py:71]
[SISTEMA_CARTERA] [INFO] [MODELO_DEUDA] [INICIO] archivo: C:\wamp64\www\cartera_v3.0.0\front_php\uploads\CARTERA_NOVIEMBRE_695413ae711403.51225887.xlsx + C:\wamp64\www\cartera_v3.0.0\front_php\uploads\ANTICIPOS_20251230_130205_695413ae7146d7.76555199.xlsx | timestamp: 13:02:22 [config_logging.py:71]
[SISTEMA_CARTERA] [INFO] [MODELO_DEUDA] [FINALIZADO] archivo_salida: MODELO_DEUDA_20251230_130222.xlsx | timestamp: 13:02:32 [config_logging.py:71]
[SISTEMA_CARTERA] [INFO] [CARTERA] [INICIO] archivo: C:\wamp64\www\cartera_v3.0.0\front_php\uploads\PROVCA_4_69544320477326.26989982.csv | timestamp: 16:24:48 [config_logging.py:71]
[SISTEMA_CARTERA] [INFO] [CARTERA] Archivo leído con latin1: 3640 filas [procesador_cartera.py:140]
[SISTEMA_CARTERA] [INFO] [CARTERA] Columnas renombradas [procesador_cartera.py:154]
[SISTEMA_CARTERA] [INFO] [CARTERA] [FINALIZADO] archivo_salida: 2025-11-30 | timestamp: 16:24:50 | registros: desconocido [config_logging.py:71]
[SISTEMA_CARTERA] [INFO] [CARTERA] [INICIO] archivo: C:\wamp64\www\cartera_v3.0.0\front_php\uploads\PROVCA_4_6954432601e741.33215136.csv | timestamp: 16:24:54 [config_logging.py:71]
[SISTEMA_CARTERA] [INFO] [CARTERA] Archivo leído con latin1: 3640 filas [procesador_cartera.py:140]
[SISTEMA_CARTERA] [INFO] [CARTERA] Columnas renombradas [procesador_cartera.py:154]
[SISTEMA_CARTERA] [INFO] [CARTERA] [FINALIZADO] archivo_salida: 2025-11-30 | timestamp: 16:24:55 | registros: desconocido [config_logging.py:71]
[SISTEMA_CARTERA] [INFO] [CARTERA] [INICIO] archivo: C:\wamp64\www\cartera_v3.0.0\front_php\uploads\PROVCA_4_6954432fd38994.26355300.csv | timestamp: 16:25:04 [config_logging.py:71]
[SISTEMA_CARTERA] [INFO] [CARTERA] Archivo leído con latin1: 3640 filas [procesador_cartera.py:140]
[SISTEMA_CARTERA] [INFO] [CARTERA] Columnas renombradas [procesador_cartera.py:154]
[SISTEMA_CARTERA] [INFO] [CARTERA] [FINALIZADO] archivo_salida: 2025-11-30 | timestamp: 16:25:05 | registros: desconocido [config_logging.py:71]
[SISTEMA_CARTERA] [INFO] [ANTICIPOS] [INICIO] archivo: C:\wamp64\www\cartera_v3.0.0\front_php\uploads\ANTICI_3_69544338a63df7.18416209.csv | timestamp: 16:25:13 [config_logging.py:71]
[SISTEMA_CARTERA] [INFO] [ANTICIPOS] Archivo CSV leído: 1086 filas [procesador_anticipos.py:134]
[SISTEMA_CARTERA] [INFO] [ANTICIPOS] [FINALIZADO] archivo_salida: C:\wamp64\www\cartera_v3.0.0\Python_principales\salidas\ANTICIPOS_20251230_162513.xlsx | timestamp: 16:25:13 | registros: desconocido [config_logging.py:71]
[SISTEMA_CARTERA] [INFO] [MODELO_DEUDA] [INICIO] archivo: C:\wamp64\www\cartera_v3.0.0\front_php\uploads\CARTERA_20251222_105151_6954434a935a70.62368226.xlsx + C:\wamp64\www\cartera_v3.0.0\front_php\uploads\ANTICIPOS_20251230_162513_6954434aa06ef6.78476558.xlsx | timestamp: 16:25:31 [config_logging.py:71]
[SISTEMA_CARTERA] [ERROR] [MODELO_DEUDA] [ERROR] 'SALDO' [config_logging.py:104]
[SISTEMA_CARTERA] [INFO] [MODELO_DEUDA] [INICIO] archivo: C:\wamp64\www\cartera_v3.0.0\front_php\uploads\CARTERA_20251222_105151_6954434e8bca37.23368426.xlsx + C:\wamp64\www\cartera_v3.0.0\front_php\uploads\ANTICIPOS_20251230_162513_6954434e8c1bd6.59897770.xlsx | timestamp: 16:25:35 [config_logging.py:71]
[SISTEMA_CARTERA] [ERROR] [MODELO_DEUDA] [ERROR] 'SALDO' [config_logging.py:104]
[SISTEMA_CARTERA] [INFO] [MODELO_DEUDA] [INICIO] archivo: C:\wamp64\www\cartera_v3.0.0\front_php\uploads\CARTERA_20251222_105151_695444bba42d49.03458815.xlsx + C:\wamp64\www\cartera_v3.0.0\front_php\uploads\ANTICIPOS_20251230_162513_695444bba46868.50570510.xlsx | timestamp: 16:31:40 [config_logging.py:71]
[SISTEMA_CARTERA] [ERROR] [MODELO_DEUDA] [ERROR] 'SALDO' [config_logging.py:104]
[SISTEMA_CARTERA] [INFO] [MODELO_DEUDA] [INICIO] archivo: C:\wamp64\www\cartera_v3.0.0\front_php\uploads\CARTERA_20251222_105151_695444cea7ed16.91965554.xlsx + C:\wamp64\www\cartera_v3.0.0\front_php\uploads\ANTICIPOS_20251230_162513_695444cea82f61.05832403.xlsx | timestamp: 16:31:59 [config_logging.py:71]
[SISTEMA_CARTERA] [ERROR] [MODELO_DEUDA] [ERROR] 'SALDO' [config_logging.py:104]
[SISTEMA_CARTERA] [INFO] [MODELO_DEUDA] [INICIO] archivo: C:\wamp64\www\cartera_v3.0.0\front_php\uploads\CARTERA_20251222_105151_695447d47b5851.18160711.xlsx + C:\wamp64\www\cartera_v3.0.0\front_php\uploads\ANTICIPOS_20251230_162513_695447d47b9273.40124997.xlsx | timestamp: 16:44:53 [config_logging.py:71]
[SISTEMA_CARTERA] [ERROR] [MODELO_DEUDA] [ERROR] 'SALDO' [config_logging.py:104]
[SISTEMA_CARTERA] [INFO] [MODELO_DEUDA] [INICIO] archivo: C:\wamp64\www\cartera_v3.0.0\front_php\uploads\CARTERA_20251222_105151_695449e06bbe14.87283928.xlsx + C:\wamp64\www\cartera_v3.0.0\front_php\uploads\ANTICIPOS_20251230_162513_695449e06bef52.51074261.xlsx | timestamp: 16:53:36 [config_logging.py:71]
[SISTEMA_CARTERA] [ERROR] [MODELO_DEUDA] [ERROR] 'SALDO' [config_logging.py:104]
[SISTEMA_CARTERA] [INFO] [MODELO_DEUDA] [INICIO] archivo: C:\wamp64\www\cartera_v3.0.0\front_php\uploads\CARTERA_20251222_105151_69544b0df378d9.86937197.xlsx + C:\wamp64\www\cartera_v3.0.0\front_php\uploads\ANTICIPOS_20251230_162513_69544b0df3acf2.67263206.xlsx | timestamp: 16:58:38 [config_logging.py:71]
[SISTEMA_CARTERA] [ERROR] [MODELO_DEUDA] [ERROR] 'SALDO' [config_logging.py:104]
[SISTEMA_CARTERA] [INFO] [MODELO_DEUDA] [INICIO] archivo: C:\wamp64\www\cartera_v3.0.0\front_php\uploads\CARTERA_20251222_105151_69544b11d96a03.08772367.xlsx + C:\wamp64\www\cartera_v3.0.0\front_php\uploads\ANTICIPOS_20251230_162513_69544b11d9a987.05724006.xlsx | timestamp: 16:58:42 [config_logging.py:71]
[SISTEMA_CARTERA] [ERROR] [MODELO_DEUDA] [ERROR] 'SALDO' [config_logging.py:104]
[SISTEMA_CARTERA] [INFO] [MODELO_DEUDA] [INICIO] archivo: C:\wamp64\www\cartera_v3.0.0\front_php\uploads\CARTERA_20251222_105151_69544b6dc26e51.81633616.xlsx + C:\wamp64\www\cartera_v3.0.0\front_php\uploads\ANTICIPOS_20251230_162513_69544b6dc2bc26.91932682.xlsx | timestamp: 17:00:14 [config_logging.py:71]
[SISTEMA_CARTERA] [ERROR] [MODELO_DEUDA] [ERROR] 'SALDO' [config_logging.py:104]
[SISTEMA_CARTERA] [INFO] [MODELO_DEUDA] [INICIO] archivo: C:\wamp64\www\cartera_v3.0.0\front_php\uploads\CARTERA_20251222_105311__1__69544bd0820e66.37241020.xlsx + C:\wamp64\www\cartera_v3.0.0\front_php\uploads\ANTICIPOS_20251229_130943_69544bd0824dd9.82667515.xlsx | timestamp: 17:01:53 [config_logging.py:71]
[SISTEMA_CARTERA] [INFO] [MODELO_DEUDA] [FINALIZADO] archivo_salida: MODELO_DEUDA_20251230_170153.xlsx | timestamp: 17:02:03 [config_logging.py:71]
[SISTEMA_CARTERA] [INFO] [CARTERA] [INICIO] archivo: C:\wamp64\www\cartera_v3.0.0\front_php\uploads\PROVCA_695d825d147cd1.59745337.csv | timestamp: 16:45:03 [config_logging.py:71]
[SISTEMA_CARTERA] [INFO] [CARTERA] Archivo leído con latin1: 3345 filas [procesador_cartera.py:140]
[SISTEMA_CARTERA] [INFO] [CARTERA] Columnas renombradas [procesador_cartera.py:154]
[SISTEMA_CARTERA] [INFO] [CARTERA] [FINALIZADO] archivo_salida: 2026-01-31 | timestamp: 16:45:05 | registros: desconocido [config_logging.py:71]
[SISTEMA_CARTERA] [INFO] [CARTERA] [INICIO] archivo:  | timestamp: 11:41:09 [config_logging.py:71]
[SISTEMA_CARTERA] [ERROR] [CARTERA] [ERROR] No se encontró el archivo:  [config_logging.py:104]
[SISTEMA_CARTERA] [INFO] [ANTICIPOS] [INICIO] archivo: C:\wamp64\www\cartera_v3.0.0\front_php\uploads\ANTICI_1_69822865bc3b99.18357210.csv | timestamp: 11:55:06 [config_logging.py:71]
[SISTEMA_CARTERA] [INFO] [ANTICIPOS] Archivo CSV leído: 1062 filas [procesador_anticipos.py:134]
[SISTEMA_CARTERA] [ERROR] [ANTICIPOS] [ERROR] No module named 'xlsxwriter' [config_logging.py:104]
[SISTEMA_CARTERA] [INFO] [ANTICIPOS] [INICIO] archivo: C:\wamp64\www\cartera_v3.0.0\front_php\uploads\ANTICI_1_698228730855a4.32915326.csv | timestamp: 11:55:16 [config_logging.py:71]
[SISTEMA_CARTERA] [INFO] [ANTICIPOS] Archivo CSV leído: 1062 filas [procesador_anticipos.py:134]
[SISTEMA_CARTERA] [ERROR] [ANTICIPOS] [ERROR] No module named 'xlsxwriter' [config_logging.py:104]
[SISTEMA_CARTERA] [INFO] [ANTICIPOS] [INICIO] archivo: C:\wamp64\www\cartera_v3.0.0\front_php\uploads\ANTICI_1_69822874a8a6f2.68112562.csv | timestamp: 11:55:17 [config_logging.py:71]
[SISTEMA_CARTERA] [INFO] [ANTICIPOS] Archivo CSV leído: 1062 filas [procesador_anticipos.py:134]
[SISTEMA_CARTERA] [ERROR] [ANTICIPOS] [ERROR] No module named 'xlsxwriter' [config_logging.py:104]
[SISTEMA_CARTERA] [INFO] [ANTICIPOS] [INICIO] archivo: C:\wamp64\www\cartera_v3.0.0\front_php\uploads\ANTICI_1_6982287a1ec812.77519971.csv | timestamp: 11:55:23 [config_logging.py:71]
[SISTEMA_CARTERA] [INFO] [ANTICIPOS] Archivo CSV leído: 1062 filas [procesador_anticipos.py:134]
[SISTEMA_CARTERA] [ERROR] [ANTICIPOS] [ERROR] No module named 'xlsxwriter' [config_logging.py:104]
[SISTEMA_CARTERA] [INFO] [ANTICIPOS] [INICIO] archivo: C:\wamp64\www\cartera_v3.0.0\front_php\uploads\ANTICI_1_69822880bd7a19.28781878.csv | timestamp: 11:55:29 [config_logging.py:71]
[SISTEMA_CARTERA] [INFO] [ANTICIPOS] Archivo CSV leído: 1062 filas [procesador_anticipos.py:134]
[SISTEMA_CARTERA] [ERROR] [ANTICIPOS] [ERROR] No module named 'xlsxwriter' [config_logging.py:104]
[SISTEMA_CARTERA] [INFO] [ANTICIPOS] [INICIO] archivo:  | timestamp: 11:56:12 [config_logging.py:71]
[SISTEMA_CARTERA] [ERROR] [ANTICIPOS] [ERROR] Error al leer CSV: [Errno 13] Permission denied: 'C:\\wamp64\\www\\cartera_v3.0.0' [config_logging.py:104]
[SISTEMA_CARTERA] [ERROR] [ANTICIPOS] [ERROR] [Errno 13] Permission denied: 'C:\\wamp64\\www\\cartera_v3.0.0' [config_logging.py:104]
[SISTEMA_CARTERA] [INFO] [ANTICIPOS] [INICIO] archivo: C:\wamp64\www\cartera_v3.0.0\front_php\uploads\ANTICI_1_698228bc90a727.17965580.csv | timestamp: 11:56:30 [config_logging.py:71]
[SISTEMA_CARTERA] [INFO] [ANTICIPOS] Archivo CSV leído: 1062 filas [procesador_anticipos.py:134]
[SISTEMA_CARTERA] [INFO] [ANTICIPOS] [FINALIZADO] archivo_salida: C:\wamp64\www\cartera_v3.0.0\Python_principales\salidas\ANTICIPOS_20260203_115630.xlsx | timestamp: 11:56:31 | registros: desconocido [config_logging.py:71]
[SISTEMA_CARTERA] [INFO] [ANTICIPOS] [INICIO] archivo: C:\wamp64\www\cartera_v3.0.0\front_php\uploads\ANTICI_1_69826812df3249.12236937.csv | timestamp: 16:26:44 [config_logging.py:71]
[SISTEMA_CARTERA] [INFO] [ANTICIPOS] Archivo CSV leído: 1062 filas [procesador_anticipos.py:134]
[SISTEMA_CARTERA] [INFO] [ANTICIPOS] [FINALIZADO] archivo_salida: C:\wamp64\www\cartera_v3.0.0\Python_principales\salidas\ANTICIPOS_20260203_162645.xlsx | timestamp: 16:26:45 | registros: desconocido [config_logging.py:71]
[SISTEMA_CARTERA] [INFO] [CARTERA] [INICIO] archivo: C:\wamp64\www\cartera_v3.0.0\front_php\uploads\PROVCA_1_69826bd2cb7051.55935838.csv | timestamp: 16:42:44 [config_logging.py:71]
[SISTEMA_CARTERA] [INFO] [CARTERA] Archivo leído con latin1: 3223 filas [procesador_cartera.py:140]
[SISTEMA_CARTERA] [INFO] [CARTERA] Columnas renombradas [procesador_cartera.py:154]
[SISTEMA_CARTERA] [INFO] [CARTERA] [FINALIZADO] archivo_salida: 2026-02-28 | timestamp: 16:42:47 | registros: desconocido [config_logging.py:71]
[SISTEMA_CARTERA] [INFO] [CARTERA] [INICIO] archivo: C:\wamp64\www\cartera_v3.0.0\front_php\uploads\PROVCA_1_69826db7a18668.67995964.csv | timestamp: 16:50:48 [config_logging.py:71]
[SISTEMA_CARTERA] [INFO] [CARTERA] Archivo leído con latin1: 3223 filas [procesador_cartera.py:140]
[SISTEMA_CARTERA] [INFO] [CARTERA] Columnas renombradas [procesador_cartera.py:154]
[SISTEMA_CARTERA] [INFO] [CARTERA] [FINALIZADO] archivo_salida: 2026-02-28 | timestamp: 16:50:50 | registros: desconocido [config_logging.py:71]
[SISTEMA_CARTERA] [INFO] [CARTERA] [INICIO] archivo: C:\wamp64\www\cartera_v3.0.0\front_php\uploads\PROVCA_1_69826dd1aabb94.85117340.csv | timestamp: 16:51:14 [config_logging.py:71]
[SISTEMA_CARTERA] [INFO] [CARTERA] Archivo leído con latin1: 3223 filas [procesador_cartera.py:140]
[SISTEMA_CARTERA] [INFO] [CARTERA] Columnas renombradas [procesador_cartera.py:154]
[SISTEMA_CARTERA] [INFO] [CARTERA] [FINALIZADO] archivo_salida: 2026-02-28 | timestamp: 16:51:17 | registros: desconocido [config_logging.py:71]
[SISTEMA_CARTERA] [INFO] [CARTERA] [INICIO] archivo: C:\wamp64\www\cartera_v3.0.0\front_php\uploads\PROVCA_1_69826eaf866e44.80013839.csv | timestamp: 16:54:57 [config_logging.py:71]
[SISTEMA_CARTERA] [INFO] [CARTERA] Archivo leído con latin1: 3223 filas [procesador_cartera.py:140]
[SISTEMA_CARTERA] [INFO] [CARTERA] Columnas renombradas [procesador_cartera.py:154]
[SISTEMA_CARTERA] [INFO] [CARTERA] [FINALIZADO] archivo_salida: 2026-02-28 | timestamp: 16:54:59 | registros: desconocido [config_logging.py:71]
